This file contains any messages produced by compilers while
running configure, to aid debugging if configure makes a mistake.

It was created by gnome-doc-utils configure 0.20.10, which was
generated by GNU Autoconf 2.69.  Invocation command line was

  $ ./configure --prefix=/usr/ --no-create --no-recursion

## --------- ##
## Platform. ##
## --------- ##

hostname = ns2
uname -m = i686
uname -r = 3.4.9-x86-smp
uname -s = Linux
uname -v = #1 SMP PREEMPT Sat Aug 18 16:18:05 SAST 2012

/usr/bin/uname -p = unknown
/bin/uname -X     = unknown

/bin/arch              = i686
/usr/bin/arch -k       = unknown
/usr/convex/getsysinfo = unknown
/usr/bin/hostinfo      = unknown
/bin/machine           = unknown
/usr/bin/oslevel       = unknown
/bin/universe          = unknown

PATH: /usr/lib/jvm/jdk-1.7.0_09//bin
PATH: /usr/local/sbin
PATH: /usr/sbin
PATH: /sbin
PATH: /usr/local/bin
PATH: /usr/bin
PATH: /bin
PATH: /usr/X11R7/bin
PATH: /opt/sophos/bin


## ----------- ##
## Core tests. ##
## ----------- ##

configure:2311: checking for a BSD-compatible install
configure:2379: result: /usr/bin/ginstall -c
configure:2390: checking whether build environment is sane
configure:2445: result: yes
configure:2596: checking for a thread-safe mkdir -p
configure:2635: result: /usr/bin/mkdir -p
configure:2642: checking for gawk
configure:2658: found /usr/bin/gawk
configure:2669: result: gawk
configure:2680: checking whether make sets $(MAKE)
configure:2702: result: yes
configure:2731: checking whether make supports nested variables
configure:2748: result: yes
configure:2843: checking whether make supports nested variables
configure:2860: result: yes
configure:2878: checking for gawk
configure:2905: result: gawk
configure:2923: checking whether ln -s works
configure:2927: result: yes
configure:3067: checking for a Python interpreter with version >= 2.4
configure:3084: python -c import sys # split strings by '.' and convert to numeric. Append some zeros # because we need at least 4 digits for the hex conversion. # map returns an iterator in Python 3.0 and a list in 2.x minver = list(map(int, '2.4'.split('.'))) + [0, 0, 0] minverhex = 0 # xrange is not present in Python 3.0 and range returns an iterator for i in list(range(0, 4)): minverhex = (minverhex << 8) + minver[i] sys.exit(sys.hexversion < minverhex)
configure:3087: $? = 0
configure:3093: result: python
configure:3101: checking for python
configure:3119: found /usr/bin/python
configure:3131: result: /usr/bin/python
configure:3149: checking for python version
configure:3156: result: 2.7
configure:3168: checking for python platform
configure:3175: result: linux2
configure:3201: checking for python script directory
configure:3236: result: ${prefix}/lib/python2.7/site-packages
configure:3245: checking for python extension module directory
configure:3280: result: ${exec_prefix}/lib/python2.7/site-packages
configure:3349: checking for pkg-config
configure:3367: found /usr/bin/pkg-config
configure:3379: result: /usr/bin/pkg-config
configure:3404: checking pkg-config is at least version 0.9.0
configure:3407: result: yes
configure:3417: checking for GNOME_DOC_UTILS
configure:3427: $PKG_CONFIG --exists --print-errors "
	libxml-2.0 >= 2.6.12
	libxslt    >= 1.1.8
"
configure:3433: $? = 0
configure:3453: $PKG_CONFIG --exists --print-errors "
	libxml-2.0 >= 2.6.12
	libxslt    >= 1.1.8
"
configure:3459: $? = 0
configure:3529: result: yes
configure:3542: checking whether NLS is requested
configure:3551: result: yes
configure:3567: checking for style of include used by make
configure:3595: result: GNU
configure:3666: checking for gcc
configure:3682: found /usr/bin/gcc
configure:3693: result: gcc
configure:3922: checking for C compiler version
configure:3931: gcc --version >&5
gcc (GCC) 4.8.1 20130530 (prerelease)
Copyright (C) 2013 Free Software Foundation, Inc.
This is free software; see the source for copying conditions.  There is NO
warranty; not even for MERCHANTABILITY or FITNESS FOR A PARTICULAR PURPOSE.

configure:3942: $? = 0
configure:3931: gcc -v >&5
Using built-in specs.
COLLECT_GCC=gcc
COLLECT_LTO_WRAPPER=/usr/libexec/gcc/i686-linux-gnu/4.8.1/lto-wrapper
Target: i686-linux-gnu
Configured with: ./../configure --prefix=/usr --sysconfdir=/etc/ --mandir=/usr/share/man --localstatedir=/var --infodir=/usr/share/info --libdir=/usr/lib --host=i686-linux-gnu --build=i686-linux-gnu --with-ecj-jar=/usr/share/java/ecj-3.5.2.jar --enable-lto --enable-cloog-backend=isl --enable-java-home --with-system-zlib --target=i686-linux-gnu --with-sysroot=/ --with-jvm-root-dir=/usr/lib/jvm/gcj-jdk --enable-languages=c,c++,fortran,java,lto,objc,obj-c++,go,ada
Thread model: posix
gcc version 4.8.1 20130530 (prerelease) (GCC) 
configure:3942: $? = 0
configure:3931: gcc -V >&5
gcc: error: unrecognized command line option '-V'
gcc: fatal error: no input files
compilation terminated.
configure:3942: $? = 1
configure:3931: gcc -qversion >&5
gcc: error: unrecognized command line option '-qversion'
gcc: fatal error: no input files
compilation terminated.
configure:3942: $? = 1
configure:3962: checking whether the C compiler works
configure:3984: gcc    conftest.c  >&5
configure:3988: $? = 0
configure:4036: result: yes
configure:4039: checking for C compiler default output file name
configure:4041: result: a.out
configure:4047: checking for suffix of executables
configure:4054: gcc -o conftest    conftest.c  >&5
configure:4058: $? = 0
configure:4080: result: 
configure:4102: checking whether we are cross compiling
configure:4110: gcc -o conftest    conftest.c  >&5
configure:4114: $? = 0
configure:4121: ./conftest
configure:4125: $? = 0
configure:4140: result: no
configure:4145: checking for suffix of object files
configure:4167: gcc -c   conftest.c >&5
configure:4171: $? = 0
configure:4192: result: o
configure:4196: checking whether we are using the GNU C compiler
configure:4215: gcc -c   conftest.c >&5
configure:4215: $? = 0
configure:4224: result: yes
configure:4233: checking whether gcc accepts -g
configure:4253: gcc -c -g  conftest.c >&5
configure:4253: $? = 0
configure:4294: result: yes
configure:4311: checking for gcc option to accept ISO C89
configure:4374: gcc  -c -g -O2  conftest.c >&5
configure:4374: $? = 0
configure:4387: result: none needed
configure:4409: checking dependency style of gcc
configure:4520: result: none
configure:4550: checking for intltool >= 0.35.0
configure:4552: result: 0.50.2 found
configure:4560: checking for intltool-update
configure:4578: found /usr/bin/intltool-update
configure:4590: result: /usr/bin/intltool-update
configure:4600: checking for intltool-merge
configure:4618: found /usr/bin/intltool-merge
configure:4630: result: /usr/bin/intltool-merge
configure:4640: checking for intltool-extract
configure:4658: found /usr/bin/intltool-extract
configure:4670: result: /usr/bin/intltool-extract
configure:4824: checking for xgettext
configure:4842: found /usr/bin/xgettext
configure:4854: result: /usr/bin/xgettext
configure:4864: checking for msgmerge
configure:4882: found /usr/bin/msgmerge
configure:4894: result: /usr/bin/msgmerge
configure:4904: checking for msgfmt
configure:4922: found /usr/bin/msgfmt
configure:4934: result: /usr/bin/msgfmt
configure:4944: checking for gmsgfmt
configure:4975: result: /usr/bin/msgfmt
configure:4995: checking for perl
configure:5013: found /usr/bin/perl
configure:5025: result: /usr/bin/perl
configure:5036: checking for perl >= 5.8.1
configure:5043: result: 5.16.2
configure:5047: checking for XML::Parser
configure:5050: result: ok
configure:5075: gcc -o conftest -g -O2   conftest.c  >&5
configure:5075: $? = 0
configure:5106: checking how to run the C preprocessor
configure:5137: gcc -E  conftest.c
configure:5137: $? = 0
configure:5151: gcc -E  conftest.c
conftest.c:12:28: fatal error: ac_nonexistent.h: No such file or directory
 #include <ac_nonexistent.h>
                            ^
compilation terminated.
configure:5151: $? = 1
configure: failed program was:
| /* confdefs.h */
| #define PACKAGE_NAME "gnome-doc-utils"
| #define PACKAGE_TARNAME "gnome-doc-utils"
| #define PACKAGE_VERSION "0.20.10"
| #define PACKAGE_STRING "gnome-doc-utils 0.20.10"
| #define PACKAGE_BUGREPORT "http://bugzilla.gnome.org/enter_bug.cgi?product=gnome-doc-utils"
| #define PACKAGE_URL ""
| #define PACKAGE "gnome-doc-utils"
| #define VERSION "0.20.10"
| #define GETTEXT_PACKAGE "gnome-doc-utils"
| /* end confdefs.h.  */
| #include <ac_nonexistent.h>
configure:5176: result: gcc -E
configure:5196: gcc -E  conftest.c
configure:5196: $? = 0
configure:5210: gcc -E  conftest.c
conftest.c:12:28: fatal error: ac_nonexistent.h: No such file or directory
 #include <ac_nonexistent.h>
                            ^
compilation terminated.
configure:5210: $? = 1
configure: failed program was:
| /* confdefs.h */
| #define PACKAGE_NAME "gnome-doc-utils"
| #define PACKAGE_TARNAME "gnome-doc-utils"
| #define PACKAGE_VERSION "0.20.10"
| #define PACKAGE_STRING "gnome-doc-utils 0.20.10"
| #define PACKAGE_BUGREPORT "http://bugzilla.gnome.org/enter_bug.cgi?product=gnome-doc-utils"
| #define PACKAGE_URL ""
| #define PACKAGE "gnome-doc-utils"
| #define VERSION "0.20.10"
| #define GETTEXT_PACKAGE "gnome-doc-utils"
| /* end confdefs.h.  */
| #include <ac_nonexistent.h>
configure:5239: checking for grep that handles long lines and -e
configure:5297: result: /usr/bin/grep
configure:5302: checking for egrep
configure:5364: result: /usr/bin/grep -E
configure:5369: checking for ANSI C header files
configure:5389: gcc -c -g -O2  conftest.c >&5
configure:5389: $? = 0
configure:5462: gcc -o conftest -g -O2   conftest.c  >&5
configure:5462: $? = 0
configure:5462: ./conftest
configure:5462: $? = 0
configure:5473: result: yes
configure:5486: checking for sys/types.h
configure:5486: gcc -c -g -O2  conftest.c >&5
configure:5486: $? = 0
configure:5486: result: yes
configure:5486: checking for sys/stat.h
configure:5486: gcc -c -g -O2  conftest.c >&5
configure:5486: $? = 0
configure:5486: result: yes
configure:5486: checking for stdlib.h
configure:5486: gcc -c -g -O2  conftest.c >&5
configure:5486: $? = 0
configure:5486: result: yes
configure:5486: checking for string.h
configure:5486: gcc -c -g -O2  conftest.c >&5
configure:5486: $? = 0
configure:5486: result: yes
configure:5486: checking for memory.h
configure:5486: gcc -c -g -O2  conftest.c >&5
configure:5486: $? = 0
configure:5486: result: yes
configure:5486: checking for strings.h
configure:5486: gcc -c -g -O2  conftest.c >&5
configure:5486: $? = 0
configure:5486: result: yes
configure:5486: checking for inttypes.h
configure:5486: gcc -c -g -O2  conftest.c >&5
configure:5486: $? = 0
configure:5486: result: yes
configure:5486: checking for stdint.h
configure:5486: gcc -c -g -O2  conftest.c >&5
configure:5486: $? = 0
configure:5486: result: yes
configure:5486: checking for unistd.h
configure:5486: gcc -c -g -O2  conftest.c >&5
configure:5486: $? = 0
configure:5486: result: yes
configure:5502: checking build system type
configure:5516: result: i686-pc-linux-gnu
configure:5536: checking host system type
configure:5549: result: i686-pc-linux-gnu
configure:5572: checking locale.h usability
configure:5572: gcc -c -g -O2  conftest.c >&5
configure:5572: $? = 0
configure:5572: result: yes
configure:5572: checking locale.h presence
configure:5572: gcc -E  conftest.c
configure:5572: $? = 0
configure:5572: result: yes
configure:5572: checking for locale.h
configure:5572: result: yes
configure:5583: checking for LC_MESSAGES
configure:5599: gcc -o conftest -g -O2   conftest.c  >&5
configure:5599: $? = 0
configure:5607: result: yes
configure:5624: checking libintl.h usability
configure:5624: gcc -c -g -O2  conftest.c >&5
configure:5624: $? = 0
configure:5624: result: yes
configure:5624: checking libintl.h presence
configure:5624: gcc -E  conftest.c
configure:5624: $? = 0
configure:5624: result: yes
configure:5624: checking for libintl.h
configure:5624: result: yes
configure:5632: checking for ngettext in libc
configure:5650: gcc -o conftest -g -O2   conftest.c  >&5
configure:5650: $? = 0
configure:5659: result: yes
configure:5663: checking for dgettext in libc
configure:5681: gcc -o conftest -g -O2   conftest.c  >&5
configure:5681: $? = 0
configure:5690: result: yes
configure:5697: checking for bind_textdomain_codeset
configure:5697: gcc -o conftest -g -O2   conftest.c  >&5
configure:5697: $? = 0
configure:5697: result: yes
configure:5973: checking for msgfmt
configure:6000: result: /usr/bin/msgfmt
configure:6011: checking for dcgettext
configure:6011: gcc -o conftest -g -O2   conftest.c   >&5
conftest.c:49:6: warning: conflicting types for built-in function 'dcgettext' [enabled by default]
 char dcgettext ();
      ^
configure:6011: $? = 0
configure:6011: result: yes
configure:6021: checking if msgfmt accepts -c
configure:6036: $MSGFMT -c -o /dev/null conftest.foo
configure:6039: $? = 0
configure:6041: result: yes
configure:6051: checking for gmsgfmt
configure:6082: result: /usr/bin/msgfmt
configure:6092: checking for xgettext
configure:6119: result: /usr/bin/xgettext
configure:6138: gcc -o conftest -g -O2   conftest.c   >&5
configure:6138: $? = 0
configure:6427: checking that generated files are newer than configure
configure:6433: result: done
configure:6476: creating ./config.status

## ---------------- ##
## Cache variables. ##
## ---------------- ##

ac_cv_build=i686-pc-linux-gnu
ac_cv_c_compiler_gnu=yes
ac_cv_env_CC_set=
ac_cv_env_CC_value=
ac_cv_env_CFLAGS_set=
ac_cv_env_CFLAGS_value=
ac_cv_env_CPPFLAGS_set=
ac_cv_env_CPPFLAGS_value=
ac_cv_env_CPP_set=
ac_cv_env_CPP_value=
ac_cv_env_GNOME_DOC_UTILS_CFLAGS_set=
ac_cv_env_GNOME_DOC_UTILS_CFLAGS_value=
ac_cv_env_GNOME_DOC_UTILS_LIBS_set=
ac_cv_env_GNOME_DOC_UTILS_LIBS_value=
ac_cv_env_LDFLAGS_set=
ac_cv_env_LDFLAGS_value=
ac_cv_env_LIBS_set=
ac_cv_env_LIBS_value=
ac_cv_env_PKG_CONFIG_LIBDIR_set=
ac_cv_env_PKG_CONFIG_LIBDIR_value=
ac_cv_env_PKG_CONFIG_PATH_set=
ac_cv_env_PKG_CONFIG_PATH_value=
ac_cv_env_PKG_CONFIG_set=
ac_cv_env_PKG_CONFIG_value=
ac_cv_env_PYTHON_set=
ac_cv_env_PYTHON_value=
ac_cv_env_build_alias_set=
ac_cv_env_build_alias_value=
ac_cv_env_host_alias_set=
ac_cv_env_host_alias_value=
ac_cv_env_target_alias_set=
ac_cv_env_target_alias_value=
ac_cv_func_bind_textdomain_codeset=yes
ac_cv_func_dcgettext=yes
ac_cv_header_inttypes_h=yes
ac_cv_header_libintl_h=yes
ac_cv_header_locale_h=yes
ac_cv_header_memory_h=yes
ac_cv_header_stdc=yes
ac_cv_header_stdint_h=yes
ac_cv_header_stdlib_h=yes
ac_cv_header_string_h=yes
ac_cv_header_strings_h=yes
ac_cv_header_sys_stat_h=yes
ac_cv_header_sys_types_h=yes
ac_cv_header_unistd_h=yes
ac_cv_host=i686-pc-linux-gnu
ac_cv_objext=o
ac_cv_path_EGREP='/usr/bin/grep -E'
ac_cv_path_GMSGFMT=/usr/bin/msgfmt
ac_cv_path_GREP=/usr/bin/grep
ac_cv_path_INTLTOOL_EXTRACT=/usr/bin/intltool-extract
ac_cv_path_INTLTOOL_MERGE=/usr/bin/intltool-merge
ac_cv_path_INTLTOOL_PERL=/usr/bin/perl
ac_cv_path_INTLTOOL_UPDATE=/usr/bin/intltool-update
ac_cv_path_MSGFMT=/usr/bin/msgfmt
ac_cv_path_MSGMERGE=/usr/bin/msgmerge
ac_cv_path_PYTHON=/usr/bin/python
ac_cv_path_XGETTEXT=/usr/bin/xgettext
ac_cv_path_ac_pt_PKG_CONFIG=/usr/bin/pkg-config
ac_cv_path_install='/usr/bin/ginstall -c'
ac_cv_path_mkdir=/usr/bin/mkdir
ac_cv_prog_AWK=gawk
ac_cv_prog_CPP='gcc -E'
ac_cv_prog_ac_ct_CC=gcc
ac_cv_prog_cc_c89=
ac_cv_prog_cc_g=yes
ac_cv_prog_make_make_set=yes
am_cv_CC_dependencies_compiler_type=none
am_cv_make_support_nested_variables=yes
am_cv_pathless_PYTHON=python
am_cv_python_platform=linux2
am_cv_python_pyexecdir='${exec_prefix}/lib/python2.7/site-packages'
am_cv_python_pythondir='${prefix}/lib/python2.7/site-packages'
am_cv_python_version=2.7
am_cv_val_LC_MESSAGES=yes
gdu_cv_have_gdu=yes
gt_cv_func_dgettext_libc=yes
gt_cv_func_dgettext_libintl=no
gt_cv_func_ngettext_libc=yes
gt_cv_have_gettext=yes
pkg_cv_GNOME_DOC_UTILS_CFLAGS='-I/usr/include/libxml2  '
pkg_cv_GNOME_DOC_UTILS_LIBS='-lxslt -lz -ldl -lm -lxml2  '

## ----------------- ##
## Output variables. ##
## ----------------- ##

ACLOCAL='${SHELL} /usr/src/gnome-doc-utils/gnome-doc-utils/missing aclocal-1.13'
ALL_LINGUAS=''
AMDEPBACKSLASH='\'
AMDEP_FALSE='#'
AMDEP_TRUE=''
AMTAR='$${TAR-tar}'
AM_BACKSLASH='\'
AM_DEFAULT_V='$(AM_DEFAULT_VERBOSITY)'
AM_DEFAULT_VERBOSITY='0'
AM_V='$(V)'
AUTOCONF='${SHELL} /usr/src/gnome-doc-utils/gnome-doc-utils/missing autoconf'
AUTOHEADER='${SHELL} /usr/src/gnome-doc-utils/gnome-doc-utils/missing autoheader'
AUTOMAKE='${SHELL} /usr/src/gnome-doc-utils/gnome-doc-utils/missing automake-1.13'
AWK='gawk'
CATALOGS=''
CATOBJEXT='.gmo'
CC='gcc'
CCDEPMODE='depmode=none'
CFLAGS='-g -O2'
CPP='gcc -E'
CPPFLAGS=''
CYGPATH_W='echo'
DATADIRNAME='share'
DEFS='-DPACKAGE_NAME=\"gnome-doc-utils\" -DPACKAGE_TARNAME=\"gnome-doc-utils\" -DPACKAGE_VERSION=\"0.20.10\" -DPACKAGE_STRING=\"gnome-doc-utils\ 0.20.10\" -DPACKAGE_BUGREPORT=\"http://bugzilla.gnome.org/enter_bug.cgi\?product=gnome-doc-utils\" -DPACKAGE_URL=\"\" -DPACKAGE=\"gnome-doc-utils\" -DVERSION=\"0.20.10\" -DGETTEXT_PACKAGE=\"gnome-doc-utils\" -DSTDC_HEADERS=1 -DHAVE_SYS_TYPES_H=1 -DHAVE_SYS_STAT_H=1 -DHAVE_STDLIB_H=1 -DHAVE_STRING_H=1 -DHAVE_MEMORY_H=1 -DHAVE_STRINGS_H=1 -DHAVE_INTTYPES_H=1 -DHAVE_STDINT_H=1 -DHAVE_UNISTD_H=1 -DHAVE_LOCALE_H=1 -DHAVE_LC_MESSAGES=1 -DHAVE_BIND_TEXTDOMAIN_CODESET=1 -DHAVE_GETTEXT=1 -DHAVE_DCGETTEXT=1 -DENABLE_NLS=1'
DEPDIR='.deps'
DISTCHECK_CONFIGURE_FLAGS='--disable-scrollkeeper '
DOC_USER_FORMATS=''
ECHO_C=''
ECHO_N='-n'
ECHO_T=''
EGREP='/usr/bin/grep -E'
ENABLE_BUILD_UTILS_FALSE='#'
ENABLE_BUILD_UTILS_TRUE=''
ENABLE_DOCUMENTATION_FALSE='#'
ENABLE_DOCUMENTATION_TRUE=''
ENABLE_SK_FALSE='#'
ENABLE_SK_TRUE=''
EXEEXT=''
GDU_AWK='gawk --traditional'
GETTEXT_PACKAGE='gnome-doc-utils'
GMOFILES=''
GMSGFMT='/usr/bin/msgfmt'
GNOME_DOC_UTILS_CFLAGS='-I/usr/include/libxml2  '
GNOME_DOC_UTILS_LIBS='-lxslt -lz -ldl -lm -lxml2  '
GREP='/usr/bin/grep'
HAVE_GNOME_DOC_UTILS_FALSE='#'
HAVE_GNOME_DOC_UTILS_TRUE=''
HELP_DIR='${datadir}/gnome/help'
INSTALL_DATA='${INSTALL} -m 644'
INSTALL_PROGRAM='${INSTALL}'
INSTALL_SCRIPT='${INSTALL}'
INSTALL_STRIP_PROGRAM='$(install_sh) -c -s'
INSTOBJEXT='.mo'
INTLLIBS=''
INTLTOOL_CAVES_RULE='%.caves:     %.caves.in     $(INTLTOOL_MERGE) $(wildcard $(top_srcdir)/po/*.po) ; $(INTLTOOL_V_MERGE)LC_ALL=C $(INTLTOOL_MERGE) $(INTLTOOL_V_MERGE_OPTIONS) -d -u -c $(top_builddir)/po/.intltool-merge-cache $(top_srcdir)/po $< $@'
INTLTOOL_DESKTOP_RULE='%.desktop:   %.desktop.in   $(INTLTOOL_MERGE) $(wildcard $(top_srcdir)/po/*.po) ; $(INTLTOOL_V_MERGE)LC_ALL=C $(INTLTOOL_MERGE) $(INTLTOOL_V_MERGE_OPTIONS) -d -u -c $(top_builddir)/po/.intltool-merge-cache $(top_srcdir)/po $< $@'
INTLTOOL_DIRECTORY_RULE='%.directory: %.directory.in $(INTLTOOL_MERGE) $(wildcard $(top_srcdir)/po/*.po) ; $(INTLTOOL_V_MERGE)LC_ALL=C $(INTLTOOL_MERGE) $(INTLTOOL_V_MERGE_OPTIONS) -d -u -c $(top_builddir)/po/.intltool-merge-cache $(top_srcdir)/po $< $@'
INTLTOOL_EXTRACT='/usr/bin/intltool-extract'
INTLTOOL_KBD_RULE='%.kbd:       %.kbd.in       $(INTLTOOL_MERGE) $(wildcard $(top_srcdir)/po/*.po) ; $(INTLTOOL_V_MERGE)LC_ALL=C $(INTLTOOL_MERGE) $(INTLTOOL_V_MERGE_OPTIONS) -x -u -m -c $(top_builddir)/po/.intltool-merge-cache $(top_srcdir)/po $< $@'
INTLTOOL_KEYS_RULE='%.keys:      %.keys.in      $(INTLTOOL_MERGE) $(wildcard $(top_srcdir)/po/*.po) ; $(INTLTOOL_V_MERGE)LC_ALL=C $(INTLTOOL_MERGE) $(INTLTOOL_V_MERGE_OPTIONS) -k -u -c $(top_builddir)/po/.intltool-merge-cache $(top_srcdir)/po $< $@'
INTLTOOL_MERGE='/usr/bin/intltool-merge'
INTLTOOL_OAF_RULE='%.oaf:       %.oaf.in       $(INTLTOOL_MERGE) $(wildcard $(top_srcdir)/po/*.po) ; $(INTLTOOL_V_MERGE)LC_ALL=C $(INTLTOOL_MERGE) $(INTLTOOL_V_MERGE_OPTIONS) -o -p $(top_srcdir)/po $< $@'
INTLTOOL_PERL='/usr/bin/perl'
INTLTOOL_POLICY_RULE='%.policy:    %.policy.in    $(INTLTOOL_MERGE) $(wildcard $(top_srcdir)/po/*.po) ; $(INTLTOOL_V_MERGE)LC_ALL=C $(INTLTOOL_MERGE) $(INTLTOOL_V_MERGE_OPTIONS) -x -u -c $(top_builddir)/po/.intltool-merge-cache $(top_srcdir)/po $< $@'
INTLTOOL_PONG_RULE='%.pong:      %.pong.in      $(INTLTOOL_MERGE) $(wildcard $(top_srcdir)/po/*.po) ; $(INTLTOOL_V_MERGE)LC_ALL=C $(INTLTOOL_MERGE) $(INTLTOOL_V_MERGE_OPTIONS) -x -u -c $(top_builddir)/po/.intltool-merge-cache $(top_srcdir)/po $< $@'
INTLTOOL_PROP_RULE='%.prop:      %.prop.in      $(INTLTOOL_MERGE) $(wildcard $(top_srcdir)/po/*.po) ; $(INTLTOOL_V_MERGE)LC_ALL=C $(INTLTOOL_MERGE) $(INTLTOOL_V_MERGE_OPTIONS) -d -u -c $(top_builddir)/po/.intltool-merge-cache $(top_srcdir)/po $< $@'
INTLTOOL_SCHEMAS_RULE='%.schemas:   %.schemas.in   $(INTLTOOL_MERGE) $(wildcard $(top_srcdir)/po/*.po) ; $(INTLTOOL_V_MERGE)LC_ALL=C $(INTLTOOL_MERGE) $(INTLTOOL_V_MERGE_OPTIONS) -s -u -c $(top_builddir)/po/.intltool-merge-cache $(top_srcdir)/po $< $@'
INTLTOOL_SERVER_RULE='%.server:    %.server.in    $(INTLTOOL_MERGE) $(wildcard $(top_srcdir)/po/*.po) ; $(INTLTOOL_V_MERGE)LC_ALL=C $(INTLTOOL_MERGE) $(INTLTOOL_V_MERGE_OPTIONS) -o -u -c $(top_builddir)/po/.intltool-merge-cache $(top_srcdir)/po $< $@'
INTLTOOL_SERVICE_RULE='%.service: %.service.in   $(INTLTOOL_MERGE) $(wildcard $(top_srcdir)/po/*.po) ; $(INTLTOOL_V_MERGE)LC_ALL=C $(INTLTOOL_MERGE) $(INTLTOOL_V_MERGE_OPTIONS) -d -u -c $(top_builddir)/po/.intltool-merge-cache $(top_srcdir)/po $< $@'
INTLTOOL_SHEET_RULE='%.sheet:     %.sheet.in     $(INTLTOOL_MERGE) $(wildcard $(top_srcdir)/po/*.po) ; $(INTLTOOL_V_MERGE)LC_ALL=C $(INTLTOOL_MERGE) $(INTLTOOL_V_MERGE_OPTIONS) -x -u -c $(top_builddir)/po/.intltool-merge-cache $(top_srcdir)/po $< $@'
INTLTOOL_SOUNDLIST_RULE='%.soundlist: %.soundlist.in $(INTLTOOL_MERGE) $(wildcard $(top_srcdir)/po/*.po) ; $(INTLTOOL_V_MERGE)LC_ALL=C $(INTLTOOL_MERGE) $(INTLTOOL_V_MERGE_OPTIONS) -d -u -c $(top_builddir)/po/.intltool-merge-cache $(top_srcdir)/po $< $@'
INTLTOOL_THEME_RULE='%.theme:     %.theme.in     $(INTLTOOL_MERGE) $(wildcard $(top_srcdir)/po/*.po) ; $(INTLTOOL_V_MERGE)LC_ALL=C $(INTLTOOL_MERGE) $(INTLTOOL_V_MERGE_OPTIONS) -d -u -c $(top_builddir)/po/.intltool-merge-cache $(top_srcdir)/po $< $@'
INTLTOOL_UI_RULE='%.ui:        %.ui.in        $(INTLTOOL_MERGE) $(wildcard $(top_srcdir)/po/*.po) ; $(INTLTOOL_V_MERGE)LC_ALL=C $(INTLTOOL_MERGE) $(INTLTOOL_V_MERGE_OPTIONS) -x -u -c $(top_builddir)/po/.intltool-merge-cache $(top_srcdir)/po $< $@'
INTLTOOL_UPDATE='/usr/bin/intltool-update'
INTLTOOL_V_MERGE='$(INTLTOOL__v_MERGE_$(V))'
INTLTOOL_V_MERGE_OPTIONS='$(intltool__v_merge_options_$(V))'
INTLTOOL_XAM_RULE='%.xam:       %.xml.in       $(INTLTOOL_MERGE) $(wildcard $(top_srcdir)/po/*.po) ; $(INTLTOOL_V_MERGE)LC_ALL=C $(INTLTOOL_MERGE) $(INTLTOOL_V_MERGE_OPTIONS) -x -u -c $(top_builddir)/po/.intltool-merge-cache $(top_srcdir)/po $< $@'
INTLTOOL_XML_NOMERGE_RULE='%.xml:       %.xml.in       $(INTLTOOL_MERGE) ; $(INTLTOOL_V_MERGE)LC_ALL=C $(INTLTOOL_MERGE) $(INTLTOOL_V_MERGE_OPTIONS) -x -u --no-translations $< $@'
INTLTOOL_XML_RULE='%.xml:       %.xml.in       $(INTLTOOL_MERGE) $(wildcard $(top_srcdir)/po/*.po) ; $(INTLTOOL_V_MERGE)LC_ALL=C $(INTLTOOL_MERGE) $(INTLTOOL_V_MERGE_OPTIONS) -x -u -c $(top_builddir)/po/.intltool-merge-cache $(top_srcdir)/po $< $@'
INTLTOOL__v_MERGE_0='@echo "  ITMRG " $@;'
INTLTOOL__v_MERGE_='$(INTLTOOL__v_MERGE_$(AM_DEFAULT_VERBOSITY))'
LDFLAGS=''
LIBOBJS=''
LIBS=''
LN_S='ln -s'
LTLIBOBJS=''
MAKEINFO='${SHELL} /usr/src/gnome-doc-utils/gnome-doc-utils/missing makeinfo'
MKDIR_P='/usr/bin/mkdir -p'
MKINSTALLDIRS='./mkinstalldirs'
MSGFMT='/usr/bin/msgfmt'
MSGFMT_OPTS='-c'
MSGMERGE='/usr/bin/msgmerge'
OBJEXT='o'
OMF_DIR='${datadir}/omf'
PACKAGE='gnome-doc-utils'
PACKAGE_BUGREPORT='http://bugzilla.gnome.org/enter_bug.cgi?product=gnome-doc-utils'
PACKAGE_NAME='gnome-doc-utils'
PACKAGE_STRING='gnome-doc-utils 0.20.10'
PACKAGE_TARNAME='gnome-doc-utils'
PACKAGE_URL=''
PACKAGE_VERSION='0.20.10'
PATH_SEPARATOR=':'
PKG_CONFIG='/usr/bin/pkg-config'
PKG_CONFIG_LIBDIR=''
PKG_CONFIG_PATH=''
POFILES=''
POSUB='po'
PO_IN_DATADIR_FALSE=''
PO_IN_DATADIR_TRUE=''
PYTHON='/usr/bin/python'
PYTHON_EXEC_PREFIX='${exec_prefix}'
PYTHON_PLATFORM='linux2'
PYTHON_PREFIX='${prefix}'
PYTHON_VERSION='2.7'
SET_MAKE=''
SHELL='/bin/sh'
STRIP=''
USE_NLS='yes'
VERSION='0.20.10'
XGETTEXT='/usr/bin/xgettext'
ac_ct_CC='gcc'
am__EXEEXT_FALSE=''
am__EXEEXT_TRUE='#'
am__fastdepCC_FALSE=''
am__fastdepCC_TRUE='#'
am__include='include'
am__isrc=''
am__leading_dot='.'
am__nodep='_no'
am__quote=''
am__tar='$${TAR-tar} chof - "$$tardir"'
am__untar='$${TAR-tar} xf -'
bindir='${exec_prefix}/bin'
build='i686-pc-linux-gnu'
build_alias=''
build_cpu='i686'
build_os='linux-gnu'
build_vendor='pc'
datadir='${datarootdir}'
datarootdir='${prefix}/share'
docdir='${datarootdir}/doc/${PACKAGE_TARNAME}'
dvidir='${docdir}'
exec_prefix='${prefix}'
host='i686-pc-linux-gnu'
host_alias=''
host_cpu='i686'
host_os='linux-gnu'
host_vendor='pc'
htmldir='${docdir}'
includedir='${prefix}/include'
infodir='${datarootdir}/info'
install_sh='${SHELL} /usr/src/gnome-doc-utils/gnome-doc-utils/install-sh'
intltool__v_merge_options_0='-q'
intltool__v_merge_options_='$(intltool__v_merge_options_$(AM_DEFAULT_VERBOSITY))'
libdir='${exec_prefix}/lib'
libexecdir='${exec_prefix}/libexec'
localedir='${datarootdir}/locale'
localstatedir='${prefix}/var'
mandir='${datarootdir}/man'
mkdir_p='$(MKDIR_P)'
oldincludedir='/usr/include'
pdfdir='${docdir}'
pkgpyexecdir='${pyexecdir}/gnome-doc-utils'
pkgpythondir='${pythondir}/gnome-doc-utils'
prefix='/usr'
program_transform_name='s,x,x,'
psdir='${docdir}'
pyexecdir='${exec_prefix}/lib/python2.7/site-packages'
pythondir='${prefix}/lib/python2.7/site-packages'
sbindir='${exec_prefix}/sbin'
sharedstatedir='${prefix}/com'
sysconfdir='${prefix}/etc'
target_alias=''

## ----------- ##
## confdefs.h. ##
## ----------- ##

/* confdefs.h */
#define PACKAGE_NAME "gnome-doc-utils"
#define PACKAGE_TARNAME "gnome-doc-utils"
#define PACKAGE_VERSION "0.20.10"
#define PACKAGE_STRING "gnome-doc-utils 0.20.10"
#define PACKAGE_BUGREPORT "http://bugzilla.gnome.org/enter_bug.cgi?product=gnome-doc-utils"
#define PACKAGE_URL ""
#define PACKAGE "gnome-doc-utils"
#define VERSION "0.20.10"
#define GETTEXT_PACKAGE "gnome-doc-utils"
#define STDC_HEADERS 1
#define HAVE_SYS_TYPES_H 1
#define HAVE_SYS_STAT_H 1
#define HAVE_STDLIB_H 1
#define HAVE_STRING_H 1
#define HAVE_MEMORY_H 1
#define HAVE_STRINGS_H 1
#define HAVE_INTTYPES_H 1
#define HAVE_STDINT_H 1
#define HAVE_UNISTD_H 1
#define HAVE_LOCALE_H 1
#define HAVE_LC_MESSAGES 1
#define HAVE_BIND_TEXTDOMAIN_CODESET 1
#define HAVE_GETTEXT 1
#define HAVE_DCGETTEXT 1
#define ENABLE_NLS 1

configure: exit 0

## ---------------------- ##
## Running config.status. ##
## ---------------------- ##

This file was extended by gnome-doc-utils config.status 0.20.10, which was
generated by GNU Autoconf 2.69.  Invocation command line was

  CONFIG_FILES    = 
  CONFIG_HEADERS  = 
  CONFIG_LINKS    = 
  CONFIG_COMMANDS = 
  $ ./config.status 

on ns2

config.status:919: creating Makefile
config.status:919: creating data/Makefile
config.status:919: creating data/icons/Makefile
config.status:919: creating data/icons/hicolor/Makefile
config.status:919: creating data/icons/hicolor/48x48/Makefile
config.status:919: creating data/icons/hicolor/48x48/status/Makefile
config.status:919: creating data/icons/hicolor/scalable/Makefile
config.status:919: creating data/icons/hicolor/scalable/status/Makefile
config.status:919: creating data/rng/Makefile
config.status:919: creating data/templates/Makefile
config.status:919: creating data/watermarks/Makefile
config.status:919: creating doc/Makefile
config.status:919: creating doc/gnome-doc-make/Makefile
config.status:919: creating doc/xslt/Makefile
config.status:919: creating po/Makefile.in
config.status:919: creating tools/Makefile
config.status:919: creating tools/gnome-doc-utils.pc
config.status:919: creating xslt/Makefile
config.status:919: creating xml2po/Makefile
config.status:919: creating xml2po/xml2po.pc
config.status:919: creating xml2po/xml2po/Makefile
config.status:919: creating xml2po/xml2po/modes/Makefile
config.status:919: creating xml2po/examples/Makefile
config.status:919: creating xslt/common/Makefile
config.status:919: creating xslt/docbook/Makefile
config.status:919: creating xslt/docbook/common/Makefile
config.status:919: creating xslt/docbook/html/Makefile
config.status:919: creating xslt/docbook/omf/Makefile
config.status:919: creating xslt/docbook/utils/Makefile
config.status:919: creating xslt/mallard/Makefile
config.status:919: creating xslt/mallard/cache/Makefile
config.status:919: creating xslt/mallard/common/Makefile
config.status:919: creating xslt/mallard/html/Makefile
config.status:919: creating xslt/gettext/Makefile
config.status:919: creating tools/gnome-doc-tool
config.status:919: creating tools/gnome-doc-prepare
config.status:1091: executing depfiles commands
config.status:1091: executing default-1 commands
config.status:1091: executing po/stamp-it commands
